<?xml version="1.0" encoding="UTF-8"?>
<!-- Generated by org.testng.reporters.JUnitReportReporter -->
<testsuite skipped="0" hostname="kareem-5558" name="com.google.tests.GoogleTests" tests="3" failures="0" timestamp="2022-02-07T21:21:10 EET" time="5.566" errors="0">
  <testcase name="testGoogleLogoIsDisplayed" time="1.162" classname="com.google.tests.GoogleTests"/>
  <system-out/>
  <testcase name="testGoogleTitle" time="0.870" classname="com.google.tests.GoogleTests"/>
  <system-out/>
  <testcase name="testSearchResultIsNotEmpty" time="3.534" classname="com.google.tests.GoogleTests"/>
  <system-out/>
</testsuite> <!-- com.google.tests.GoogleTests -->
