<?xml version="1.0" encoding="UTF-8"?>
<!-- Generated by org.testng.reporters.JUnitReportReporter -->
<testsuite hostname="kareem-5558" failures="0" tests="2" name="com.google.tests.GoogleTests" time="4.439" errors="0" timestamp="2022-02-09T00:28:34 EET" skipped="0">
  <testcase classname="com.google.tests.GoogleTests" name="testGoogleLogoIsDisplayed" time="1.460"/>
  <system-out/>
  <testcase classname="com.google.tests.GoogleTests" name="testGoogleTitle" time="2.979"/>
  <system-out/>
</testsuite> <!-- com.google.tests.GoogleTests -->
